<?xml version="1.0" encoding="UTF-8"?>
<!-- Generated by org.testng.reporters.JUnitReportReporter -->
<testsuite hostname="DESKTOP-MVJ0A5S" failures="0" tests="1" name="tests.BaseTest" time="3.844" errors="0" timestamp="2025-01-17T01:22:42 IST" skipped="0">
  <testcase classname="tests.BaseTest" name="setup" time="3.844"/>
</testsuite> <!-- tests.BaseTest -->
